[LOG] System::create                           : Header version = 1.10.01. Current version = 1.10.01.
[LOG] SystemI::setOutputInternal               : Setting output to type 0
[LOG] Manager::init                            : maxchannels = 1024 studioflags = 00000009 flags 00000000 extradriverdata 0000000000000000.
[LOG] SystemI::init                            : FMOD Studio Version: 00011001 (91339)
[LOG] SystemI::init                            : maxchannels = 1024, flags = 00030000, extradriverdata = 0000000000000000
[LOG] SystemI::setOutputInternal               : Setting output to type 8
[LOG] SystemI::setOutputInternal               : Setting output to type 8
[LOG] SystemI::setOutputInternal               : Setting output to type 8
[LOG] OutputWASAPI::init                       : Mix Format (WAVEFORMATEX): wFormatTag=0xFFFE, nChannels=2, nSamplesPerSec=48000, nAvgBytesPerSec=384000, nBlockAlign=8, wBitsPerSample=32, cbSize=22.
[LOG] OutputWASAPI::init                       : Mix Format (WAVEFORMATEXTENSIBLE): wValidBitsPerSample=32, dwChannelMask=0x00000003, SubFormat=00000003-0000-0010-8000-00AA00389B71.
[LOG] OutputWASAPI::init                       : Output buffer size: 4096 samples, latency: 0.00ms, period: 10.00ms, DSP buffer: 1024 * 4
[LOG] SystemI::init                            : Create master channel group and master sound group.
[LOG] SystemI::init                            : Set up emulated output.  1024 channels
[LOG] SystemI::init                            : create the channel pool
[LOG] SystemI::init                            : create the stream thread
[LOG] Thread::initThread                       : Init FMOD stream thread. Priority: 2, Stack Size: 65536, Semaphore: No, Sleep Time: 10, Looping: Yes.
[LOG] SystemI::DSPCodecPoolRegister            : register codec pool for pool type 5
[LOG] Thread::initThread                       : Init FMOD mixer thread. Priority: 3, Stack Size: 49152, Semaphore: No, Sleep Time: 0, Looping: Yes.
[LOG] AsyncManager::init                       : manager 000000003CFE1908 isAsync 1 updatePeriod 0.02
[LOG] Thread::initThread                       : Init FMOD Studio update thread. Priority: 0, Stack Size: 65536, Semaphore: No, Sleep Time: 1, Looping: No.
[LOG] AsyncManager::init                       : done
[LOG] PlaybackSystem::init                     : 
[LOG] Thread::initThread                       : Init FMOD Studio sample load thread. Priority: 0, Stack Size: 65536, Semaphore: No, Sleep Time: 1, Looping: No.
[LOG] PlaybackSystem::init                     : done
[LOG] LiveUpdate::init                         : 
[LOG] Thread::initThread                       : Init FMOD Studio bank load thread. Priority: 0, Stack Size: 65536, Semaphore: No, Sleep Time: 1, Looping: No.
[LOG] Manager::init                            : done.
[LOG] Profile::init                            : Profiler listening on port: 9264
[LOG] Manager::readBank                        : fileversion = 99, compatVersion = 99 (oldest = 44, newest = 99)
[LOG] Manager::readBank                        : fileversion = 99, compatVersion = 99 (oldest = 44, newest = 99)
[LOG] PlaybackSystem::acquireMasterBus         : Setting master channel group format to 3
[LOG] SystemI::createSound                     : filename = Assets\FMOD\zombie_town\Build\Desktop/Master Bank.bank : mode 02010082
[LOG] SystemI::createSound                     : FMOD_NONBLOCKING specified.  Putting into queue to be opened asynchronously!
[LOG] Thread::initThread                       : Init FMOD nonblocking thread (0). Priority: 1, Stack Size: 81920, Semaphore: Yes, Sleep Time: 0, Looping: Yes.
[LOG] SystemI::createSound                     : setdata soundi = 0000000043666E48 : node = 000000004360A880
[LOG] SystemI::createSound                     : add node to async list : head = 0000000043764F88.  list count = 0
[LOG] AsyncThread::threadFunc                  : Starting Asynchronous operation on sound 0000000043666E48
[LOG] SystemI::createSoundInternal             :     filename = Assets\FMOD\zombie_town\Build\Desktop/Master Bank.bank : mode 02010082
[LOG] SystemI::createSoundInternal             :     exinfo->cbsize             = 232
[LOG] SystemI::createSoundInternal             :     exinfo->length             = 15192128
[LOG] SystemI::createSoundInternal             :     exinfo->fileoffset         = 52416
[LOG] SystemI::createSoundInternal             :     exinfo->numsubsounds       = 1
[LOG] SystemI::createSoundInternal             :     exinfo->inclusionlist      = 000000004360A998
[LOG] SystemI::createSoundInternal             :     exinfo->inclusionlistnum   = 1
[LOG] SystemI::createSoundInternal             :     exinfo->suggestedsoundtype = 5
[LOG] SystemI::createSoundInternal             :     exinfo->initialseekpostype = 1
[LOG] SystemI::createSoundInternal             :     filename =  : mode 02000202
[LOG] SystemI::createSoundInternal             :     exinfo->cbsize             = 232
[LOG] SystemI::createSoundInternal             :     exinfo->length             = 15192128
[LOG] SystemI::createSoundInternal             :     exinfo->fileoffset         = 52416
[LOG] SystemI::createSoundInternal             :     exinfo->numsubsounds       = 1
[LOG] SystemI::createSoundInternal             :     exinfo->inclusionlist      = 0000000056F2F5FC
[LOG] SystemI::createSoundInternal             :     exinfo->inclusionlistnum   = 1
[LOG] SystemI::createSoundInternal             :     exinfo->suggestedsoundtype = 5
[LOG] SystemI::createSoundInternal             :     exinfo->useropen           = 00007FF9ED6757A0
[LOG] SystemI::createSoundInternal             :     exinfo->userclose          = 00007FF9ED675770
[LOG] SystemI::createSoundInternal             :     exinfo->userread           = 00007FF9ED675870
[LOG] SystemI::createSoundInternal             :     exinfo->userseek           = 00007FF9ED675920
[LOG] SystemI::createSoundInternal             :     exinfo->fileuserdata       = 00000000438EA208
[LOG] SystemI::createSoundInternal             :     exinfo->initialseekpostype = 1
[LOG] SystemI::DSPCodecPoolRegister            :     register codec pool for pool type 5
[LOG] SystemI::createSoundInternal             :     Format has 1 subsounds.
[LOG] SystemI::createSoundInternal             :     Format has 1 subsounds.
[LOG] SystemI::createSoundInternal             :     Create as FMOD_CREATESTREAM
[LOG] SystemI::createSoundInternal             :     Create as FMOD_CREATESAMPLE
[LOG] System::createSoundInternal              :     decode buffersize = 19200 : blocksize = 256 : format = 2
[LOG] SystemI::createSoundInternal             :     Multi-sample sound (1 subsounds), create a sample container.
[LOG] SystemI::createSample                    :     mode 02010082 length 19200 samples, lengthbytes 1040288
[LOG] SystemI::createSoundInternal             :     creating subsound 0/1
[LOG] SystemI::createSample                    :     channels = 2
[LOG] SystemI::createSample                    :     mode 02000202 length 168211 samples, lengthbytes 38656
[LOG] SystemI::createSample                    :     output = 000000003D07CBA8
[LOG] SystemI::createSample                    :     channels = 2
[LOG] OutputSoftware::createSample             :     lengthpcm 19200, lengthbytes 1040288, channels 2, format 2, freq 48000, mode 0201008a
[LOG] SystemI::createSample                    :     output = 000000003D07CBA8
[LOG] OutputSoftware::createSample             :     lengthpcm 168211, lengthbytes 38656, channels 2, format 2, freq 48000, mode 0200020a
[LOG] System::createSoundInternal              :     1 subsounds detected.
[LOG] System::createSoundInternal              :     Seek stream to start
[LOG] System::createSoundInternal              :     flush stream buffer
[LOG] SystemI::createSoundInternal             :     No name found in file, use filename.
[LOG] SystemI::createSoundInternal             :     done.  OpenState now = FMOD_OPENSTATE_READY.

[WRN] EventInstance::update                    :     Event {8b55fc83-b24d-4556-b067-e9ba38ec590d} waited 116 milliseconds for sample data to load.  Preload sample data to avoid this delay.
[LOG] System::createSoundInternal              :     flush successful.
[LOG] System::createSoundInternal              :     switch file handle from small blocking single buffered to large nonblocking doublebuffered.
[LOG] Thread::initThread                       :         Init FMOD file thread. Priority: 1, Stack Size: 16384, Semaphore: No, Sleep Time: 10, Looping: Yes.
[LOG] SystemI::createSoundInternal             :     done.  OpenState now = FMOD_OPENSTATE_READY.

[LOG] AsyncThread::threadFunc                  : Finished Asynchronous operation on sound 0000000043666E48
[LOG] SoundI::getSubSound                      : sound 0000000043666E48.  Subsound index 0 / 1
[LOG] SystemI::createSound                     : filename = Assets\FMOD\zombie_town\Build\Desktop/Master Bank.bank : mode 02010082
[LOG] SystemI::createSound                     : FMOD_NONBLOCKING specified.  Putting into queue to be opened asynchronously!
[LOG] SystemI::createSound                     : setdata soundi = 0000000043666FF8 : node = 000000004360A9D0
[LOG] SystemI::createSound                     : add node to async list : head = 0000000043764F88.  list count = 0
[LOG] AsyncThread::threadFunc                  : Starting Asynchronous operation on sound 0000000043666FF8
[LOG] SystemI::createSound                     : filename = Assets\FMOD\zombie_town\Build\Desktop/Master Bank.bank : mode 02010082
[LOG] SystemI::createSoundInternal             :     filename = Assets\FMOD\zombie_town\Build\Desktop/Master Bank.bank : mode 02010082
[LOG] SystemI::createSound                     :     FMOD_NONBLOCKING specified.  Putting into queue to be opened asynchronously!
[LOG] SystemI::createSoundInternal             :     exinfo->cbsize             = 232
[LOG] SystemI::createSound                     :     setdata soundi = 00000000436671A8 : node = 0000000043609620
[LOG] SystemI::createSoundInternal             :     exinfo->length             = 15192128
[LOG] SystemI::createSound                     :     add node to async list : head = 0000000043764F88.  list count = 0
[LOG] SystemI::createSoundInternal             :     exinfo->fileoffset         = 52416
[LOG] SystemI::createSoundInternal             :     exinfo->numsubsounds       = 1
[LOG] SystemI::createSoundInternal             :     exinfo->inclusionlist      = 000000004360AAE8
[LOG] SystemI::createSoundInternal             :     exinfo->inclusionlistnum   = 1
[LOG] SystemI::createSoundInternal             :     exinfo->suggestedsoundtype = 5
[LOG] SystemI::createSoundInternal             :     exinfo->initialseekposition = 56000
[LOG] SystemI::createSoundInternal             :     exinfo->initialseekpostype = 1
[LOG] SystemI::createSoundInternal             :     Format has 1 subsounds.
[LOG] SystemI::createSoundInternal             :     Create as FMOD_CREATESTREAM
[LOG] System::createSoundInternal              :     decode buffersize = 19200 : blocksize = 256 : format = 2
[LOG] SystemI::createSample                    :     mode 02010082 length 19200 samples, lengthbytes 3526880
[LOG] SystemI::createSample                    :     channels = 2
[LOG] SystemI::createSample                    :     output = 000000003D07CBA8
[LOG] OutputSoftware::createSample             :     lengthpcm 19200, lengthbytes 3526880, channels 2, format 2, freq 48000, mode 0201008a
[LOG] System::createSoundInternal              :     1 subsounds detected.
[LOG] System::createSoundInternal              :     Seek stream to start
[LOG] SystemI::createSound                     :     filename = Assets\FMOD\zombie_town\Build\Desktop/Master Bank.bank : mode 02010082
[LOG] SystemI::createSound                     :     FMOD_NONBLOCKING specified.  Putting into queue to be opened asynchronously!
[LOG] SystemI::createSound                     :     setdata soundi = 000000004365FA58 : node = 0000000043609770
[LOG] SystemI::createSound                     :     add node to async list : head = 0000000043764F88.  list count = 1
[LOG] System::createSoundInternal              :     flush stream buffer
[LOG] System::createSoundInternal              :     flush successful.
[LOG] System::createSoundInternal              :     switch file handle from small blocking single buffered to large nonblocking doublebuffered.
[LOG] SystemI::createSound                     :     filename = Assets\FMOD\zombie_town\Build\Desktop/Master Bank.bank : mode 02010082
[LOG] SystemI::createSound                     :     FMOD_NONBLOCKING specified.  Putting into queue to be opened asynchronously!
[LOG] SystemI::createSound                     :     setdata soundi = 000000004365F548 : node = 0000000043609CB0
[LOG] SystemI::createSound                     :     add node to async list : head = 0000000043764F88.  list count = 2
[LOG] SystemI::createSoundInternal             :     done.  OpenState now = FMOD_OPENSTATE_READY.

[LOG] AsyncThread::threadFunc                  : Finished Asynchronous operation on sound 0000000043666FF8
[LOG] AsyncThread::threadFunc                  : Starting Asynchronous operation on sound 00000000436671A8
[LOG] SystemI::createSoundInternal             :     filename = Assets\FMOD\zombie_town\Build\Desktop/Master Bank.bank : mode 02010082
[LOG] SystemI::createSoundInternal             :     exinfo->cbsize             = 232
[LOG] SystemI::createSoundInternal             :     exinfo->length             = 15192128
[LOG] SystemI::createSoundInternal             :     exinfo->fileoffset         = 52416
[LOG] SystemI::createSoundInternal             :     exinfo->numsubsounds       = 1
[LOG] SystemI::createSoundInternal             :     exinfo->inclusionlist      = 0000000043609738
[LOG] SystemI::createSoundInternal             :     exinfo->inclusionlistnum   = 1
[LOG] SystemI::createSoundInternal             :     exinfo->suggestedsoundtype = 5
[LOG] SystemI::createSoundInternal             :     exinfo->initialseekpostype = 1
[LOG] SystemI::createSoundInternal             :     Format has 1 subsounds.
[LOG] SystemI::createSoundInternal             :     Create as FMOD_CREATESTREAM
[LOG] System::createSoundInternal              :     decode buffersize = 19200 : blocksize = 256 : format = 2
[LOG] SystemI::createSample                    :     mode 02010082 length 19200 samples, lengthbytes 1040288
[LOG] SystemI::createSample                    :     channels = 2
[LOG] SystemI::createSample                    :     output = 000000003D07CBA8
[LOG] OutputSoftware::createSample             :     lengthpcm 19200, lengthbytes 1040288, channels 2, format 2, freq 48000, mode 0201008a
[LOG] System::createSoundInternal              :     1 subsounds detected.
[LOG] System::createSoundInternal              :     Seek stream to start
[LOG] System::createSoundInternal              :     flush stream buffer
[LOG] System::createSoundInternal              :     flush successful.
[LOG] System::createSoundInternal              :     switch file handle from small blocking single buffered to large nonblocking doublebuffered.
[LOG] SystemI::createSoundInternal             :     done.  OpenState now = FMOD_OPENSTATE_READY.

[LOG] AsyncThread::threadFunc                  : Finished Asynchronous operation on sound 00000000436671A8
[LOG] AsyncThread::threadFunc                  : Starting Asynchronous operation on sound 000000004365FA58
[LOG] SystemI::createSoundInternal             :     filename = Assets\FMOD\zombie_town\Build\Desktop/Master Bank.bank : mode 02010082
[LOG] SystemI::createSoundInternal             :     exinfo->cbsize             = 232
[LOG] SystemI::createSoundInternal             :     exinfo->length             = 15192128
[LOG] SystemI::createSoundInternal             :     exinfo->fileoffset         = 52416
[LOG] SystemI::createSoundInternal             :     exinfo->numsubsounds       = 1
[LOG] SystemI::createSoundInternal             :     exinfo->inclusionlist      = 0000000043609888
[LOG] SystemI::createSoundInternal             :     exinfo->inclusionlistnum   = 1
[LOG] SystemI::createSoundInternal             :     exinfo->suggestedsoundtype = 5
[LOG] SystemI::createSoundInternal             :     exinfo->initialseekpostype = 1
[LOG] SystemI::createSoundInternal             :     Format has 1 subsounds.
[LOG] SystemI::createSoundInternal             :     Create as FMOD_CREATESTREAM
[LOG] System::createSoundInternal              :     decode buffersize = 19200 : blocksize = 256 : format = 2
[LOG] SystemI::createSample                    :     mode 02010082 length 19200 samples, lengthbytes 3026976
[LOG] SystemI::createSample                    :     channels = 2
[LOG] SystemI::createSample                    :     output = 000000003D07CBA8
[LOG] OutputSoftware::createSample             :     lengthpcm 19200, lengthbytes 3026976, channels 2, format 2, freq 48000, mode 0201008a
[LOG] System::createSoundInternal              :     1 subsounds detected.
[LOG] SoundI::getSubSound                      :     sound 0000000043666FF8.  Subsound index 0 / 1
[LOG] System::createSoundInternal              :     Seek stream to start
[LOG] SoundI::getSubSound                      :     sound 00000000436671A8.  Subsound index 0 / 1
[LOG] System::createSoundInternal              :     flush stream buffer
[LOG] System::createSoundInternal              :     flush successful.
[LOG] System::createSoundInternal              :     switch file handle from small blocking single buffered to large nonblocking doublebuffered.
[LOG] SystemI::createSoundInternal             :     done.  OpenState now = FMOD_OPENSTATE_READY.

[LOG] AsyncThread::threadFunc                  : Finished Asynchronous operation on sound 000000004365FA58
[LOG] AsyncThread::threadFunc                  : Starting Asynchronous operation on sound 000000004365F548
[LOG] SystemI::createSoundInternal             :     filename = Assets\FMOD\zombie_town\Build\Desktop/Master Bank.bank : mode 02010082
[LOG] SystemI::createSoundInternal             :     exinfo->cbsize             = 232
[LOG] SystemI::createSoundInternal             :     exinfo->length             = 15192128
[LOG] SystemI::createSoundInternal             :     exinfo->fileoffset         = 52416
[LOG] SystemI::createSoundInternal             :     exinfo->numsubsounds       = 1
[LOG] SystemI::createSoundInternal             :     exinfo->inclusionlist      = 0000000043609DC8
[LOG] SystemI::createSoundInternal             :     exinfo->inclusionlistnum   = 1
[LOG] SystemI::createSoundInternal             :     exinfo->suggestedsoundtype = 5
[LOG] SystemI::createSoundInternal             :     exinfo->initialseekpostype = 1
[LOG] SystemI::createSoundInternal             :     Format has 1 subsounds.
[LOG] SystemI::createSoundInternal             :     Create as FMOD_CREATESTREAM
[LOG] System::createSoundInternal              :     decode buffersize = 19200 : blocksize = 256 : format = 2
[LOG] SystemI::createSample                    :     mode 02010082 length 19200 samples, lengthbytes 283072
[LOG] SystemI::createSample                    :     channels = 2
[LOG] SystemI::createSample                    :     output = 000000003D07CBA8
[LOG] OutputSoftware::createSample             :     lengthpcm 19200, lengthbytes 283072, channels 2, format 2, freq 48000, mode 0201008a
[LOG] System::createSoundInternal              :     1 subsounds detected.
[LOG] System::createSoundInternal              :     Seek stream to start
[LOG] System::createSoundInternal              :     flush stream buffer
[LOG] System::createSoundInternal              :     flush successful.
[LOG] System::createSoundInternal              :     switch file handle from small blocking single buffered to large nonblocking doublebuffered.
[LOG] SystemI::createSoundInternal             :     done.  OpenState now = FMOD_OPENSTATE_READY.

[LOG] AsyncThread::threadFunc                  : Finished Asynchronous operation on sound 000000004365F548
[LOG] SoundI::getSubSound                      : sound 000000004365FA58.  Subsound index 0 / 1
[LOG] SoundI::getSubSound                      : sound 000000004365F548.  Subsound index 0 / 1
[LOG] SoundI::release                          : amb_zombie (0000000043666E48)
[LOG] SoundI::release                          : remove stream samples. (0000000043666E48)
[LOG] SoundI::release                          :     amb_zombie (0000000043765658)
[LOG] SoundI::release                          :     done
[LOG] SoundI::release                          : release subsounds. (0000000043666E48)
[LOG] SoundI::release                          :     amb_zombie (0000000043667358)
[LOG] SoundI::release                          :     done
[LOG] SoundI::release                          : release codec. (0000000043666E48)
[LOG] SoundI::release                          : done
[LOG] SoundI::release                          : amb_zombie (00000000436671A8)
[LOG] SoundI::release                          : remove stream samples. (00000000436671A8)
[LOG] SoundI::release                          :     amb_zombie (000000001D3D1CF8)
[LOG] SoundI::release                          :     done
[LOG] SoundI::release                          : release subsounds. (00000000436671A8)
[LOG] SoundI::release                          :     amb_zombie (0000000043711C88)
[LOG] SoundI::release                          :     done
[LOG] SoundI::release                          : release codec. (00000000436671A8)
[LOG] SoundI::release                          : done
[LOG] SoundI::release                          : amb_city (0000000043666FF8)
[LOG] SoundI::release                          : remove stream samples. (0000000043666FF8)
[LOG] SoundI::release                          :     amb_city (000000001D3D1B58)
[LOG] SoundI::release                          :     done
[LOG] SoundI::release                          : release subsounds. (0000000043666FF8)
[LOG] SoundI::release                          :     amb_city (0000000043711FE8)
[LOG] SoundI::release                          :     done
[LOG] SoundI::release                          : release codec. (0000000043666FF8)
[LOG] SoundI::release                          : done
[LOG] SoundI::release                          : mus_level_2 (000000004365FA58)
[LOG] SoundI::release                          : remove stream samples. (000000004365FA58)
[LOG] SoundI::release                          :     mus_level_2 (000000001D3D2038)
[LOG] SoundI::release                          :     done
[LOG] SoundI::release                          : release subsounds. (000000004365FA58)
[LOG] SoundI::release                          :     mus_level_2 (00000000437124F8)
[LOG] SoundI::release                          :     done
[LOG] SoundI::release                          : release codec. (000000004365FA58)
[LOG] SoundI::release                          : done
[LOG] SoundI::release                          : sfx_idle_zombie (000000004365F548)
[LOG] SoundI::release                          : remove stream samples. (000000004365F548)
[LOG] SoundI::release                          :     sfx_idle_zombie (000000001D3D0978)
[LOG] SoundI::release                          :     done
[LOG] SoundI::release                          : release subsounds. (000000004365F548)
[LOG] SoundI::release                          :     sfx_idle_zombie (0000000043710F08)
[LOG] SoundI::release                          :     done
[LOG] SoundI::release                          : release codec. (000000004365F548)
[LOG] SoundI::release                          : done
[LOG] SoundI::release                          :  (000000004381C0B8)
[LOG] SoundI::release                          : release subsounds. (000000004381C0B8)
[LOG] SoundI::release                          :     sfx_Round_1wav (000000001D3D1338)
[LOG] SoundI::release                          :     done
[LOG] SoundI::release                          : release codec. (000000004381C0B8)
[LOG] SoundI::release                          : done
[LOG] Thread::callback                         : FMOD Studio update thread finished.
[LOG] Thread::callback                         : FMOD Studio bank load thread finished.
[LOG] Profile::disconnectAll                   : Profiler disconnecting all clients
[LOG] Thread::callback                         : FMOD Studio sample load thread finished.
[LOG] LiveUpdate::release                      : 
[LOG] LiveUpdate::reset                        : Reset connection (reason Disconnected)
[LOG] SystemI::close                           : 
[LOG] SystemI::close                           : Stop all sounds
[LOG] Thread::callback                         : FMOD stream thread finished.
[LOG] SystemI::close                           : Stream thread destroyed
[LOG] Thread::callback                         : FMOD mixer thread finished.
[LOG] Profile::disconnectAll                   : Profiler disconnecting all clients
[LOG] SystemI::close                           : Free master channel group.
[LOG] SystemI::close                           : Remove 'master' sound group.
[LOG] SystemI::close                           : Free software output.
[LOG] SystemI::close                           : Free emulated output.
[LOG] SystemI::close                           : Free channel pool.
[LOG] Thread::callback                         : FMOD nonblocking thread (0) finished.
[LOG] Thread::callback                         : FMOD file thread finished.
[LOG] SystemI::close                           : done.

